<?xml version="1.0" encoding="UTF-8"?>
<testsuite xmlns:xsi="http://www.w3.org/2001/XMLSchema-instance" xsi:noNamespaceSchemaLocation="https://maven.apache.org/surefire/maven-surefire-plugin/xsd/surefire-test-report.xsd" version="3.0.2" name="com.shopsphere.ShopsphereApplicationTests" time="16.916" tests="1" errors="0" skipped="0" failures="0">
  <properties>
[...]
</properties>
  <testcase name="contextLoads" classname="com.shopsphere.ShopsphereApplicationTests" time="1.405">
    <system-out><![CDATA[15:28:49.303 [main] INFO org.springframework.test.context.support.AnnotationConfigContextLoaderUtils -- Could not detect default configuration classes for test class [com.shopsphere.ShopsphereApplicationTests]: ShopsphereApplicationTests does not declare any static, non-private, non-final, nested classes annotated with @Configuration.
15:28:49.517 [main] INFO org.springframework.boot.test.context.SpringBootTestContextBootstrapper -- Found @SpringBootConfiguration com.shopsphere.ShopsphereApplication for test class com.shopsphere.ShopsphereApplicationTests
15:28:49.886 [main] INFO org.springframework.boot.devtools.restart.RestartApplicationListener -- Restart disabled due to context in which it is running

  .   ____          _            __ _ _
 /\\ / ___'_ __ _ _(_)_ __  __ _ \ \ \ \
( ( )\___ | '_ | '_| | '_ \/ _` | \ \ \ \
 \\/  ___)| |_)| | | | | || (_| |  ) ) ) )
  '  |____| .__|_| |_|_| |_\__, | / / / /
 =========|_|==============|___/=/_/_/_/

 :: Spring Boot ::                (v3.5.3)

2026-06-25 15:28:50 [background-preinit] INFO  o.h.validator.internal.util.Version - HV000001: Hibernate Validator 8.0.2.Final
2026-06-25 15:28:50 [main] INFO  c.s.ShopsphereApplicationTests - Starting ShopsphereApplicationTests using Java 21.0.11 with PID 11152 (started by Ramadoss in D:\Projects and Hackathons\Shopsphere)
2026-06-25 15:28:50 [main] DEBUG c.s.ShopsphereApplicationTests - Running with Spring Boot v3.5.3, Spring v6.2.8
2026-06-25 15:28:50 [main] INFO  c.s.ShopsphereApplicationTests - No active profile set, falling back to 1 default profile: "default"
2026-06-25 15:28:52 [main] INFO  o.s.d.r.c.RepositoryConfigurationDelegate - Bootstrapping Spring Data JPA repositories in DEFAULT mode.
2026-06-25 15:28:53 [main] INFO  o.s.d.r.c.RepositoryConfigurationDelegate - Finished Spring Data repository scanning in 236 ms. Found 17 JPA repository interfaces.
2026-06-25 15:28:54 [main] INFO  o.h.jpa.internal.util.LogHelper - HHH000204: Processing PersistenceUnitInfo [name: default]
2026-06-25 15:28:54 [main] INFO  org.hibernate.Version - HHH000412: Hibernate ORM core version 6.6.18.Final
2026-06-25 15:28:54 [main] INFO  o.h.c.i.RegionFactoryInitiator - HHH000026: Second-level cache disabled
2026-06-25 15:28:55 [main] INFO  o.s.o.j.p.SpringPersistenceUnitInfo - No LoadTimeWeaver setup: ignoring JPA class transformer
2026-06-25 15:28:55 [main] INFO  com.zaxxer.hikari.HikariDataSource - HikariPool-1 - Starting...
2026-06-25 15:28:55 [main] INFO  com.zaxxer.hikari.pool.HikariPool - HikariPool-1 - Added connection org.postgresql.jdbc.PgConnection@4de158ca
2026-06-25 15:28:55 [main] INFO  com.zaxxer.hikari.HikariDataSource - HikariPool-1 - Start completed.
2026-06-25 15:28:55 [main] INFO  o.hibernate.orm.connections.pooling - HHH10001005: Database info:
	Database JDBC URL [Connecting through datasource 'HikariDataSource (HikariPool-1)']
	Database driver: undefined/unknown
	Database version: 18.4
	Autocommit mode: undefined/unknown
	Isolation level: undefined/unknown
	Minimum pool size: undefined/unknown
	Maximum pool size: undefined/unknown
2026-06-25 15:28:57 [main] INFO  o.h.e.t.j.p.i.JtaPlatformInitiator - HHH000489: No JTA platform available (set 'hibernate.transaction.jta.platform' to enable JTA platform integration)
2026-06-25 15:29:00 [main] INFO  o.s.o.j.LocalContainerEntityManagerFactoryBean - Initialized JPA EntityManagerFactory for persistence unit 'default'
2026-06-25 15:29:01 [main] INFO  o.s.s.c.a.a.c.InitializeAuthenticationProviderBeanManagerConfigurer$InitializeAuthenticationProviderManagerConfigurer - Global AuthenticationManager configured with AuthenticationProvider bean with name authenticationProvider
2026-06-25 15:29:01 [main] WARN  o.s.s.c.a.a.c.InitializeUserDetailsBeanManagerConfigurer$InitializeUserDetailsManagerConfigurer - Global AuthenticationManager configured with an AuthenticationProvider bean. UserDetailsService beans will not be used by Spring Security for automatically configuring username/password login. Consider removing the AuthenticationProvider bean. Alternatively, consider using the UserDetailsService in a manually instantiated DaoAuthenticationProvider. If the current configuration is intentional, to turn off this warning, increase the logging level of 'org.springframework.security.config.annotation.authentication.configuration.InitializeUserDetailsBeanManagerConfigurer' to ERROR
2026-06-25 15:29:01 [main] INFO  o.s.d.j.r.query.QueryEnhancerFactory - Hibernate is in classpath; If applicable, HQL parser will be used.
2026-06-25 15:29:03 [main] WARN  o.s.b.a.o.j.JpaBaseConfiguration$JpaWebConfiguration - spring.jpa.open-in-view is enabled by default. Therefore, database queries may be performed during view rendering. Explicitly configure spring.jpa.open-in-view to disable this warning
2026-06-25 15:29:04 [main] INFO  c.s.ShopsphereApplicationTests - Started ShopsphereApplicationTests in 14.647 seconds (process running for 17.304)
--- Seeding Database Default Logins ---
Hibernate: 
    select
        a1_0.id,
        a1_0.created_at,
        a1_0.email,
        a1_0.full_name,
        a1_0.password,
        a1_0.role,
        a1_0.updated_at 
    from
        admins a1_0 
    where
        a1_0.email=?
Hibernate: 
    select
        a1_0.id,
        a1_0.created_at,
        a1_0.email,
        a1_0.full_name,
        a1_0.password,
        a1_0.role,
        a1_0.updated_at 
    from
        admins a1_0 
    where
        a1_0.id=?
Hibernate: 
    update
        admins 
    set
        email=?,
        full_name=?,
        password=?,
        role=?,
        updated_at=? 
    where
        id=?
Updated existing admin password: admin@shopsphere.com
Hibernate: 
    select
        c1_0.id,
        c1_0.address,
        c1_0.city,
        c1_0.country,
        c1_0.created_at,
        c1_0.email,
        c1_0.enabled,
        c1_0.full_name,
        c1_0.password,
        c1_0.phone,
        c1_0.pincode,
        c1_0.role,
        c1_0.state,
        c1_0.updated_at 
    from
        customers c1_0 
    where
        c1_0.email=?
Hibernate: 
    select
        c1_0.id,
        c1_0.active,
        c1_0.created_at,
        c1_0.customer_id,
        c2_0.id,
        c2_0.address,
        c2_0.city,
        c2_0.country,
        c2_0.created_at,
        c2_0.email,
        c2_0.enabled,
        c2_0.full_name,
        c2_0.password,
        c2_0.phone,
        c2_0.pincode,
        c2_0.role,
        c2_0.state,
        c2_0.updated_at,
        w1_0.id,
        w1_0.active,
        w1_0.created_at,
        w1_0.customer_id,
        w1_0.updated_at,
        c1_0.updated_at 
    from
        cart c1_0 
    join
        customers c2_0 
            on c2_0.id=c1_0.customer_id 
    left join
        wishlist w1_0 
            on c2_0.id=w1_0.customer_id 
    where
        c1_0.customer_id=?
Hibernate: 
    select
        c1_0.id,
        c1_0.address,
        c2_0.id,
        c2_0.active,
        c2_0.created_at,
        c2_0.customer_id,
        c2_0.updated_at,
        ci1_0.cart_id,
        ci1_0.id,
        ci1_0.created_at,
        ci1_0.price,
        ci1_0.product_id,
        p1_0.id,
        p1_0.active,
        a1_0.id,
        a1_0.created_at,
        a1_0.email,
        a1_0.full_name,
        a1_0.password,
        a1_0.role,
        a1_0.updated_at,
        p1_0.brand,
        p1_0.category_id,
        c5_0.id,
        c5_0.active,
        c5_0.created_at,
        c5_0.description,
        c5_0.name,
        c5_0.updated_at,
        p1_0.created_at,
        p1_0.description,
        i1_0.id,
        i1_0.created_at,
        i1_0.in_stock,
        i1_0.quantity,
        i1_0.reserved_quantity,
        i1_0.updated_at,
        p1_0.price,
        p1_0.product_name,
        p1_0.sku,
        p1_0.updated_at,
        ci1_0.quantity,
        ci1_0.updated_at,
        c1_0.city,
        c1_0.country,
        c1_0.created_at,
        c1_0.email,
        c1_0.enabled,
        c1_0.full_name,
        c1_0.password,
        c1_0.phone,
        c1_0.pincode,
        c1_0.role,
        c1_0.state,
        c1_0.updated_at,
        w1_0.id,
        w1_0.active,
        w1_0.created_at,
        w1_0.customer_id,
        w1_0.updated_at 
    from
        customers c1_0 
    left join
        cart c2_0 
            on c1_0.id=c2_0.customer_id 
    left join
        cart_items ci1_0 
            on c2_0.id=ci1_0.cart_id 
    left join
        products p1_0 
            on p1_0.id=ci1_0.product_id 
    left join
        admins a1_0 
            on a1_0.id=p1_0.admin_id 
    left join
        categories c5_0 
            on c5_0.id=p1_0.category_id 
    left join
        inventory i1_0 
            on p1_0.id=i1_0.product_id 
    left join
        wishlist w1_0 
            on c1_0.id=w1_0.customer_id 
    where
        c1_0.id=?
Hibernate: 
    select
        wi1_0.wishlist_id,
        wi1_0.id,
        wi1_0.available,
        wi1_0.created_at,
        wi1_0.product_id,
        p1_0.id,
        p1_0.active,
        a1_0.id,
        a1_0.created_at,
        a1_0.email,
        a1_0.full_name,
        a1_0.password,
        a1_0.role,
        a1_0.updated_at,
        p1_0.brand,
        p1_0.category_id,
        c1_0.id,
        c1_0.active,
        c1_0.created_at,
        c1_0.description,
        c1_0.name,
        c1_0.updated_at,
        p1_0.created_at,
        p1_0.description,
        i1_0.id,
        i1_0.created_at,
        i1_0.in_stock,
        i1_0.quantity,
        i1_0.reserved_quantity,
        i1_0.updated_at,
        p1_0.price,
        p1_0.product_name,
        p1_0.sku,
        p1_0.updated_at,
        wi1_0.updated_at 
    from
        wishlist_items wi1_0 
    left join
        products p1_0 
            on p1_0.id=wi1_0.product_id 
    left join
        admins a1_0 
            on a1_0.id=p1_0.admin_id 
    left join
        categories c1_0 
            on c1_0.id=p1_0.category_id 
    left join
        inventory i1_0 
            on p1_0.id=i1_0.product_id 
    where
        wi1_0.wishlist_id=?
Hibernate: 
    select
        rv1_0.customer_id,
        rv1_0.id,
        rv1_0.created_at,
        rv1_0.product_id,
        p1_0.id,
        p1_0.active,
        a1_0.id,
        a1_0.created_at,
        a1_0.email,
        a1_0.full_name,
        a1_0.password,
        a1_0.role,
        a1_0.updated_at,
        p1_0.brand,
        p1_0.category_id,
        c2_0.id,
        c2_0.active,
        c2_0.created_at,
        c2_0.description,
        c2_0.name,
        c2_0.updated_at,
        p1_0.created_at,
        p1_0.description,
        i1_0.id,
        i1_0.created_at,
        i1_0.in_stock,
        i1_0.quantity,
        i1_0.reserved_quantity,
        i1_0.updated_at,
        p1_0.price,
        p1_0.product_name,
        p1_0.sku,
        p1_0.updated_at,
        rv1_0.updated_at,
        rv1_0.viewed_at 
    from
        recently_viewed rv1_0 
    left join
        products p1_0 
            on p1_0.id=rv1_0.product_id 
    left join
        admins a1_0 
            on a1_0.id=p1_0.admin_id 
    left join
        categories c2_0 
            on c2_0.id=p1_0.category_id 
    left join
        inventory i1_0 
            on p1_0.id=i1_0.product_id 
    where
        rv1_0.customer_id=?
Hibernate: 
    select
        o1_0.customer_id,
        o1_0.id,
        o1_0.created_at,
        i1_0.id,
        i1_0.created_at,
        i1_0.generated_date,
        i1_0.invoice_number,
        i1_0.order_id,
        i1_0.paid,
        i1_0.shipping,
        i1_0.taxes,
        i1_0.total_amount,
        i1_0.updated_at,
        o1_0.order_date,
        o1_0.order_status,
        p1_0.id,
        p1_0.amount,
        p1_0.created_at,
        p1_0.order_id,
        p1_0.payment_date,
        p1_0.payment_method,
        p1_0.payment_status,
        p1_0.transaction_id,
        p1_0.updated_at,
        o1_0.total_amount,
        o1_0.updated_at 
    from
        orders o1_0 
    left join
        invoices i1_0 
            on o1_0.id=i1_0.order_id 
    left join
        payments p1_0 
            on o1_0.id=p1_0.order_id 
    where
        o1_0.customer_id=?
Hibernate: 
    select
        n1_0.customer_id,
        n1_0.id,
        n1_0.created_at,
        n1_0.is_read,
        n1_0.message,
        n1_0.sent_at,
        n1_0.title,
        n1_0.updated_at 
    from
        notifications n1_0 
    where
        n1_0.customer_id=?
Hibernate: 
    select
        i1_0.product_id,
        i1_0.id,
        i1_0.alt_text,
        i1_0.created_at,
        i1_0.image_url,
        i1_0.primary_image,
        i1_0.updated_at 
    from
        product_images i1_0 
    where
        i1_0.product_id=?
Hibernate: 
    update
        customers 
    set
        address=?,
        city=?,
        country=?,
        email=?,
        enabled=?,
        full_name=?,
        password=?,
        phone=?,
        pincode=?,
        role=?,
        state=?,
        updated_at=? 
    where
        id=?
Updated existing customer 1 password: customer1@shopsphere.com
Hibernate: 
    select
        c1_0.id,
        c1_0.address,
        c1_0.city,
        c1_0.country,
        c1_0.created_at,
        c1_0.email,
        c1_0.enabled,
        c1_0.full_name,
        c1_0.password,
        c1_0.phone,
        c1_0.pincode,
        c1_0.role,
        c1_0.state,
        c1_0.updated_at 
    from
        customers c1_0 
    where
        c1_0.email=?
Hibernate: 
    select
        c1_0.id,
        c1_0.active,
        c1_0.created_at,
        c1_0.customer_id,
        c2_0.id,
        c2_0.address,
        c2_0.city,
        c2_0.country,
        c2_0.created_at,
        c2_0.email,
        c2_0.enabled,
        c2_0.full_name,
        c2_0.password,
        c2_0.phone,
        c2_0.pincode,
        c2_0.role,
        c2_0.state,
        c2_0.updated_at,
        w1_0.id,
        w1_0.active,
        w1_0.created_at,
        w1_0.customer_id,
        w1_0.updated_at,
        c1_0.updated_at 
    from
        cart c1_0 
    join
        customers c2_0 
            on c2_0.id=c1_0.customer_id 
    left join
        wishlist w1_0 
            on c2_0.id=w1_0.customer_id 
    where
        c1_0.customer_id=?
Hibernate: 
    select
        w1_0.id,
        w1_0.active,
        w1_0.created_at,
        w1_0.customer_id,
        c1_0.id,
        c1_0.address,
        c2_0.id,
        c2_0.active,
        c2_0.created_at,
        c2_0.customer_id,
        c2_0.updated_at,
        c1_0.city,
        c1_0.country,
        c1_0.created_at,
        c1_0.email,
        c1_0.enabled,
        c1_0.full_name,
        c1_0.password,
        c1_0.phone,
        c1_0.pincode,
        c1_0.role,
        c1_0.state,
        c1_0.updated_at,
        w1_0.updated_at 
    from
        wishlist w1_0 
    join
        customers c1_0 
            on c1_0.id=w1_0.customer_id 
    left join
        cart c2_0 
            on c1_0.id=c2_0.customer_id 
    where
        w1_0.customer_id=?
Hibernate: 
    select
        c1_0.id,
        c1_0.address,
        c2_0.id,
        c2_0.active,
        c2_0.created_at,
        c2_0.customer_id,
        c2_0.updated_at,
        ci1_0.cart_id,
        ci1_0.id,
        ci1_0.created_at,
        ci1_0.price,
        ci1_0.product_id,
        p1_0.id,
        p1_0.active,
        a1_0.id,
        a1_0.created_at,
        a1_0.email,
        a1_0.full_name,
        a1_0.password,
        a1_0.role,
        a1_0.updated_at,
        p1_0.brand,
        p1_0.category_id,
        c5_0.id,
        c5_0.active,
        c5_0.created_at,
        c5_0.description,
        c5_0.name,
        c5_0.updated_at,
        p1_0.created_at,
        p1_0.description,
        i1_0.id,
        i1_0.created_at,
        i1_0.in_stock,
        i1_0.quantity,
        i1_0.reserved_quantity,
        i1_0.updated_at,
        p1_0.price,
        p1_0.product_name,
        p1_0.sku,
        p1_0.updated_at,
        ci1_0.quantity,
        ci1_0.updated_at,
        c1_0.city,
        c1_0.country,
        c1_0.created_at,
        c1_0.email,
        c1_0.enabled,
        c1_0.full_name,
        c1_0.password,
        c1_0.phone,
        c1_0.pincode,
        c1_0.role,
        c1_0.state,
        c1_0.updated_at,
        w1_0.id,
        w1_0.active,
        w1_0.created_at,
        w1_0.customer_id,
        w1_0.updated_at 
    from
        customers c1_0 
    left join
        cart c2_0 
            on c1_0.id=c2_0.customer_id 
    left join
        cart_items ci1_0 
            on c2_0.id=ci1_0.cart_id 
    left join
        products p1_0 
            on p1_0.id=ci1_0.product_id 
    left join
        admins a1_0 
            on a1_0.id=p1_0.admin_id 
    left join
        categories c5_0 
            on c5_0.id=p1_0.category_id 
    left join
        inventory i1_0 
            on p1_0.id=i1_0.product_id 
    left join
        wishlist w1_0 
            on c1_0.id=w1_0.customer_id 
    where
        c1_0.id=?
Hibernate: 
    select
        rv1_0.customer_id,
        rv1_0.id,
        rv1_0.created_at,
        rv1_0.product_id,
        p1_0.id,
        p1_0.active,
        a1_0.id,
        a1_0.created_at,
        a1_0.email,
        a1_0.full_name,
        a1_0.password,
        a1_0.role,
        a1_0.updated_at,
        p1_0.brand,
        p1_0.category_id,
        c2_0.id,
        c2_0.active,
        c2_0.created_at,
        c2_0.description,
        c2_0.name,
        c2_0.updated_at,
        p1_0.created_at,
        p1_0.description,
        i1_0.id,
        i1_0.created_at,
        i1_0.in_stock,
        i1_0.quantity,
        i1_0.reserved_quantity,
        i1_0.updated_at,
        p1_0.price,
        p1_0.product_name,
        p1_0.sku,
        p1_0.updated_at,
        rv1_0.updated_at,
        rv1_0.viewed_at 
    from
        recently_viewed rv1_0 
    left join
        products p1_0 
            on p1_0.id=rv1_0.product_id 
    left join
        admins a1_0 
            on a1_0.id=p1_0.admin_id 
    left join
        categories c2_0 
            on c2_0.id=p1_0.category_id 
    left join
        inventory i1_0 
            on p1_0.id=i1_0.product_id 
    where
        rv1_0.customer_id=?
Hibernate: 
    select
        o1_0.customer_id,
        o1_0.id,
        o1_0.created_at,
        i1_0.id,
        i1_0.created_at,
        i1_0.generated_date,
        i1_0.invoice_number,
        i1_0.order_id,
        i1_0.paid,
        i1_0.shipping,
        i1_0.taxes,
        i1_0.total_amount,
        i1_0.updated_at,
        o1_0.order_date,
        o1_0.order_status,
        p1_0.id,
        p1_0.amount,
        p1_0.created_at,
        p1_0.order_id,
        p1_0.payment_date,
        p1_0.payment_method,
        p1_0.payment_status,
        p1_0.transaction_id,
        p1_0.updated_at,
        o1_0.total_amount,
        o1_0.updated_at 
    from
        orders o1_0 
    left join
        invoices i1_0 
            on o1_0.id=i1_0.order_id 
    left join
        payments p1_0 
            on o1_0.id=p1_0.order_id 
    where
        o1_0.customer_id=?
Hibernate: 
    select
        n1_0.customer_id,
        n1_0.id,
        n1_0.created_at,
        n1_0.is_read,
        n1_0.message,
        n1_0.sent_at,
        n1_0.title,
        n1_0.updated_at 
    from
        notifications n1_0 
    where
        n1_0.customer_id=?
Hibernate: 
    update
        customers 
    set
        address=?,
        city=?,
        country=?,
        email=?,
        enabled=?,
        full_name=?,
        password=?,
        phone=?,
        pincode=?,
        role=?,
        state=?,
        updated_at=? 
    where
        id=?
Updated existing customer 2 password: customer2@shopsphere.com
]]></system-out>
    <system-err><![CDATA[15:28:50,490 |-WARN in ch.qos.logback.core.ConsoleAppender[Console] - This appender no longer admits a layout as a sub-component, set an encoder instead.
15:28:50,490 |-WARN in ch.qos.logback.core.ConsoleAppender[Console] - To ensure compatibility, wrapping your layout in LayoutWrappingEncoder.
15:28:50,490 |-WARN in ch.qos.logback.core.ConsoleAppender[Console] - See also https://logback.qos.ch/codes.html#layoutInsteadOfEncoder for details
15:28:50,521 |-WARN in ch.qos.logback.core.rolling.SizeAndTimeBasedFNATP@777c350f - SizeAndTimeBasedFNATP class was renamed as SizeAndTimeBasedFileNamingAndTriggeringPolicy.
15:28:50,530 |-WARN in ch.qos.logback.core.rolling.SizeAndTimeBasedFNATP@777c350f - Direct use of either SizeAndTimeBasedFNATP or SizeAndTimeBasedFileNamingAndTriggeringPolicy 
15:28:50,530 |-WARN in ch.qos.logback.core.rolling.SizeAndTimeBasedFNATP@777c350f - is deprecated. Please use SizeAndTimeBasedRollingPolicy instead.
15:28:50,530 |-WARN in ch.qos.logback.core.rolling.SizeAndTimeBasedFNATP@777c350f - For more information see https://logback.qos.ch/manual/appenders.html#SizeAndTimeBasedRollingPolicy
Mockito is currently self-attaching to enable the inline-mock-maker. This will no longer work in future releases of the JDK. Please add Mockito as an agent to your build as described in Mockito's documentation: https://javadoc.io/doc/org.mockito/mockito-core/latest/org.mockito/org/mockito/Mockito.html#0.3
WARNING: A Java agent has been loaded dynamically (C:\Users\Ramadoss\.m2\repository\net\bytebuddy\byte-buddy-agent\1.17.6\byte-buddy-agent-1.17.6.jar)
WARNING: If a serviceability tool is in use, please run with -XX:+EnableDynamicAgentLoading to hide this warning
WARNING: If a serviceability tool is not in use, please run with -Djdk.instrument.traceUsage for more information
WARNING: Dynamic loading of agents will be disallowed by default in a future release
]]></system-err>
  </testcase>
</testsuite>